AwakeVR/Library/Bee/Android/Prj/IL2CPP/Gradle/unityLibrary/build/intermediates/manifest_merge_blame_file/release/manifest-merger-blame-release-report.txt
1<?xml version="1.0" encoding="utf-8"?>
2<manifest xmlns:android="http://schemas.android.com/apk/res/android"
3    xmlns:tools="http://schemas.android.com/tools"
4    package="com.unity3d.player" >
5
6    <uses-sdk
7        android:minSdkVersion="29"
7-->src\main\AndroidManifest.xml
8        android:targetSdkVersion="32" />
8-->src\main\AndroidManifest.xml
9
10    <uses-feature android:glEsVersion="0x00030000" />
10-->src\main\AndroidManifest.xml:3:3-52
10-->src\main\AndroidManifest.xml:3:17-49
11    <uses-feature
11-->src\main\AndroidManifest.xml:4:3-91
12        android:name="android.hardware.vulkan.version"
12-->src\main\AndroidManifest.xml:4:17-63
13        android:required="false" />
13-->src\main\AndroidManifest.xml:4:64-88
14    <uses-feature
14-->src\main\AndroidManifest.xml:5:3-88
15        android:name="android.hardware.touchscreen"
15-->src\main\AndroidManifest.xml:5:17-60
16        android:required="false" />
16-->src\main\AndroidManifest.xml:5:61-85
17    <uses-feature
17-->src\main\AndroidManifest.xml:6:3-99
18        android:name="android.hardware.touchscreen.multitouch"
18-->src\main\AndroidManifest.xml:6:17-71
19        android:required="false" />
19-->src\main\AndroidManifest.xml:6:72-96
20    <uses-feature
20-->src\main\AndroidManifest.xml:7:3-108
21        android:name="android.hardware.touchscreen.multitouch.distinct"
21-->src\main\AndroidManifest.xml:7:17-80
22        android:required="false" />
22-->src\main\AndroidManifest.xml:7:81-105
23    <uses-feature
23-->src\main\AndroidManifest.xml:24:3-89
24        android:name="com.oculus.feature.PASSTHROUGH"
24-->src\main\AndroidManifest.xml:24:17-62
25        android:required="true" />
25-->src\main\AndroidManifest.xml:24:63-86
26
27    <uses-permission android:name="com.oculus.permission.USE_ANCHOR_API" />
27-->src\main\AndroidManifest.xml:25:3-74
27-->src\main\AndroidManifest.xml:25:20-71
28    <uses-permission android:name="com.oculus.permission.USE_SCENE" />
28-->src\main\AndroidManifest.xml:26:3-69
28-->src\main\AndroidManifest.xml:26:20-66
29    <uses-permission android:name="com.oculus.permission.HAND_TRACKING" />
29-->src\main\AndroidManifest.xml:27:3-73
29-->src\main\AndroidManifest.xml:27:20-70
30
31    <uses-feature
31-->src\main\AndroidManifest.xml:28:3-88
32        android:name="oculus.software.handtracking"
32-->src\main\AndroidManifest.xml:28:17-60
33        android:required="false" />
33-->src\main\AndroidManifest.xml:28:61-85
34
35    <application android:extractNativeLibs="true" >
35-->src\main\AndroidManifest.xml:8:3-23:17
35-->src\main\AndroidManifest.xml:8:16-48
36        <meta-data
36-->src\main\AndroidManifest.xml:9:5-69
37            android:name="unity.splash-mode"
37-->src\main\AndroidManifest.xml:9:16-48
38            android:value="0" />
38-->src\main\AndroidManifest.xml:9:49-66
39        <meta-data
39-->src\main\AndroidManifest.xml:10:5-74
40            android:name="unity.splash-enable"
40-->src\main\AndroidManifest.xml:10:16-50
41            android:value="True" />
41-->src\main\AndroidManifest.xml:10:51-71
42        <meta-data
42-->src\main\AndroidManifest.xml:11:5-78
43            android:name="unity.launch-fullscreen"
43-->src\main\AndroidManifest.xml:11:16-54
44            android:value="True" />
44-->src\main\AndroidManifest.xml:11:55-75
45        <meta-data
45-->src\main\AndroidManifest.xml:12:5-81
46            android:name="notch.config"
46-->src\main\AndroidManifest.xml:12:16-43
47            android:value="portrait|landscape" />
47-->src\main\AndroidManifest.xml:12:44-78
48        <meta-data
48-->src\main\AndroidManifest.xml:13:5-84
49            android:name="unity.auto-report-fully-drawn"
49-->src\main\AndroidManifest.xml:13:16-60
50            android:value="true" />
50-->src\main\AndroidManifest.xml:13:61-81
51
52        <activity
52-->src\main\AndroidManifest.xml:14:5-22:16
53            android:name="com.unity3d.player.UnityPlayerActivity"
53-->src\main\AndroidManifest.xml:14:15-68
54            android:configChanges="mcc|mnc|locale|touchscreen|keyboard|keyboardHidden|navigation|orientation|screenLayout|uiMode|screenSize|smallestScreenSize|fontScale|layoutDirection|density"
54-->src\main\AndroidManifest.xml:14:180-361
55            android:exported="true"
55-->src\main\AndroidManifest.xml:14:433-456
56            android:hardwareAccelerated="false"
56-->src\main\AndroidManifest.xml:14:397-432
57            android:launchMode="singleTask"
57-->src\main\AndroidManifest.xml:14:148-179
58            android:resizeableActivity="false"
58-->src\main\AndroidManifest.xml:14:362-396
59            android:screenOrientation="fullUser"
59-->src\main\AndroidManifest.xml:14:111-147
60            android:theme="@style/UnityThemeSelector" >
60-->src\main\AndroidManifest.xml:14:69-110
61            <intent-filter>
61-->src\main\AndroidManifest.xml:15:7-19:23
62                <category android:name="android.intent.category.LAUNCHER" />
62-->src\main\AndroidManifest.xml:16:9-69
62-->src\main\AndroidManifest.xml:16:19-66
63
64                <action android:name="android.intent.action.MAIN" />
64-->src\main\AndroidManifest.xml:17:9-61
64-->src\main\AndroidManifest.xml:17:17-58
65
66                <category android:name="com.oculus.intent.category.VR" />
66-->src\main\AndroidManifest.xml:18:9-66
66-->src\main\AndroidManifest.xml:18:19-63
67            </intent-filter>
68
69            <meta-data
69-->src\main\AndroidManifest.xml:20:7-82
70                android:name="unityplayer.UnityActivity"
70-->src\main\AndroidManifest.xml:20:18-58
71                android:value="true" />
71-->src\main\AndroidManifest.xml:20:59-79
72            <meta-data
72-->src\main\AndroidManifest.xml:21:7-70
73                android:name="notch_support"
73-->src\main\AndroidManifest.xml:21:18-46
74                android:value="true" />
74-->src\main\AndroidManifest.xml:21:47-67
75        </activity>
76    </application>
77
78</manifest>